<?xml version="1.0" encoding="UTF-8"?>
<!-- Generated by org.testng.reporters.JUnitReportReporter -->
<testsuite skipped="0" hostname="BiswajitsVAIO" name="testcases.TC002_LoginForFailure" tests="4" failures="0" timestamp="12 Jun 2018 03:41:49 GMT" time="35.855" errors="0">
  <testcase name="loginAndLogout" time="8.956" classname="testcases.TC002_LoginForFailure"/>
  <testcase name="loginAndLogout" time="8.980" classname="testcases.TC002_LoginForFailure"/>
  <testcase name="loginAndLogout" time="8.754" classname="testcases.TC002_LoginForFailure"/>
  <testcase name="loginAndLogout" time="9.165" classname="testcases.TC002_LoginForFailure"/>
</testsuite> <!-- testcases.TC002_LoginForFailure -->
