<?xml version="1.0" encoding="UTF-8"?>
<!-- Generated by org.testng.reporters.JUnitReportReporter -->
<testsuite skipped="0" hostname="BiswajitsVAIO" name="testcases.TC001_LoginAndLogout" tests="2" failures="0" timestamp="12 Jun 2018 03:59:08 GMT" time="19.775" errors="0">
  <testcase name="loginAndLogout" time="10.263" classname="testcases.TC001_LoginAndLogout"/>
  <testcase name="loginAndLogout" time="9.512" classname="testcases.TC001_LoginAndLogout"/>
</testsuite> <!-- testcases.TC001_LoginAndLogout -->
